android/app/build/intermediates/manifest_merge_blame_file/debug/manifest-merger-blame-debug-report.txt
1<?xml version="1.0" encoding="utf-8"?>
2<manifest xmlns:android="http://schemas.android.com/apk/res/android"
3    package="com.naaga"
4    android:versionCode="1"
5    android:versionName="1.0" >
6
7    <uses-sdk
8        android:minSdkVersion="21"
9        android:targetSdkVersion="30" />
10
11    <uses-permission android:name="android.permission.SYSTEM_ALERT_WINDOW" />
11-->src\debug\AndroidManifest.xml:5:5-77
11-->src\debug\AndroidManifest.xml:5:22-75
12    <uses-permission android:name="android.permission.INTERNET" /> <!-- Required -->
12-->src\main\AndroidManifest.xml:4:5-67
12-->src\main\AndroidManifest.xml:4:22-64
13    <uses-permission android:name="android.permission.CAMERA" />
13-->src\main\AndroidManifest.xml:7:5-65
13-->src\main\AndroidManifest.xml:7:22-62
14
15    <uses-feature
15-->src\main\AndroidManifest.xml:8:5-85
16        android:name="android.hardware.camera"
16-->src\main\AndroidManifest.xml:8:19-57
17        android:required="false" />
17-->src\main\AndroidManifest.xml:8:58-82
18    <uses-feature
18-->src\main\AndroidManifest.xml:9:5-91
19        android:name="android.hardware.camera.front"
19-->src\main\AndroidManifest.xml:9:19-63
20        android:required="false" /> <!-- Include this only if you are planning to use the camera roll -->
20-->src\main\AndroidManifest.xml:9:64-88
21    <uses-permission android:name="android.permission.READ_EXTERNAL_STORAGE" />
21-->src\main\AndroidManifest.xml:12:5-80
21-->src\main\AndroidManifest.xml:12:22-77
22    <uses-permission android:name="android.permission.WRITE_EXTERNAL_STORAGE" /> <!-- Include this only if you are planning to use the microphone for video recording -->
22-->src\main\AndroidManifest.xml:13:5-81
22-->src\main\AndroidManifest.xml:13:22-78
23    <uses-permission android:name="android.permission.RECORD_AUDIO" />
23-->src\main\AndroidManifest.xml:16:5-70
23-->src\main\AndroidManifest.xml:16:22-68
24    <uses-permission android:name="android.permission.ACCESS_WIFI_STATE" />
24-->[com.facebook.flipper:flipper:0.99.0] AndroidManifest.xml:16:5-76
24-->[com.facebook.flipper:flipper:0.99.0] AndroidManifest.xml:16:22-73
25
26    <uses-feature
26-->[:react-native-camera] AndroidManifest.xml:14:5-16:36
27        android:name="android.hardware.camera.autofocus"
27-->[:react-native-camera] AndroidManifest.xml:15:9-57
28        android:required="false" />
28-->[:react-native-camera] AndroidManifest.xml:16:9-33
29
30    <queries>
30-->[:react-native-image-crop-picker] AndroidManifest.xml:9:5-13:15
31        <intent>
31-->[:react-native-image-crop-picker] AndroidManifest.xml:10:9-12:18
32            <action android:name="android.media.action.IMAGE_CAPTURE" />
32-->[:react-native-image-crop-picker] AndroidManifest.xml:11:13-73
32-->[:react-native-image-crop-picker] AndroidManifest.xml:11:21-70
33        </intent>
34    </queries> <!-- Although the *SdkVersion is captured in gradle build files, this is required for non gradle builds -->
35    <!-- <uses-sdk android:minSdkVersion="14"/> -->
36    <uses-permission android:name="android.permission.ACCESS_NETWORK_STATE" />
36-->[com.google.android.datatransport:transport-backend-cct:2.3.3] AndroidManifest.xml:25:5-79
36-->[com.google.android.datatransport:transport-backend-cct:2.3.3] AndroidManifest.xml:25:22-76
37
38    <application
38-->src\main\AndroidManifest.xml:18:5-36:19
39        android:name="com.naaga.MainApplication"
39-->src\main\AndroidManifest.xml:19:7-38
40        android:allowBackup="false"
40-->src\main\AndroidManifest.xml:23:7-34
41        android:appComponentFactory="androidx.core.app.CoreComponentFactory"
41-->[androidx.core:core:1.6.0] AndroidManifest.xml:24:18-86
42        android:debuggable="true"
43        android:icon="@mipmap/ic_launcher"
43-->src\main\AndroidManifest.xml:21:7-41
44        android:label="@string/app_name"
44-->src\main\AndroidManifest.xml:20:7-39
45        android:roundIcon="@mipmap/ic_launcher_round"
45-->src\main\AndroidManifest.xml:22:7-52
46        android:theme="@style/AppTheme"
46-->src\main\AndroidManifest.xml:24:7-38
47        android:usesCleartextTraffic="true" >
47-->src\debug\AndroidManifest.xml:8:9-44
48        <activity android:name="com.facebook.react.devsupport.DevSettingsActivity" />
48-->src\debug\AndroidManifest.xml:11:9-86
48-->src\debug\AndroidManifest.xml:11:19-83
49        <activity
49-->src\main\AndroidManifest.xml:25:7-35:18
50            android:name="com.naaga.MainActivity"
50-->src\main\AndroidManifest.xml:26:9-37
51            android:configChanges="keyboard|keyboardHidden|orientation|screenSize|uiMode"
51-->src\main\AndroidManifest.xml:28:9-86
52            android:label="@string/app_name"
52-->src\main\AndroidManifest.xml:27:9-41
53            android:launchMode="singleTask"
53-->src\main\AndroidManifest.xml:29:9-40
54            android:windowSoftInputMode="adjustResize" >
54-->src\main\AndroidManifest.xml:30:9-51
55            <intent-filter>
55-->src\main\AndroidManifest.xml:31:9-34:25
56                <action android:name="android.intent.action.MAIN" />
56-->src\main\AndroidManifest.xml:32:13-65
56-->src\main\AndroidManifest.xml:32:21-62
57
58                <category android:name="android.intent.category.LAUNCHER" />
58-->src\main\AndroidManifest.xml:33:13-73
58-->src\main\AndroidManifest.xml:33:23-70
59            </intent-filter>
60        </activity>
61
62        <provider
62-->[:react-native-image-crop-picker] AndroidManifest.xml:18:9-26:20
63            android:name="androidx.core.content.FileProvider"
63-->[:react-native-image-crop-picker] AndroidManifest.xml:19:13-62
64            android:authorities="com.naaga.provider"
64-->[:react-native-image-crop-picker] AndroidManifest.xml:20:13-60
65            android:exported="false"
65-->[:react-native-image-crop-picker] AndroidManifest.xml:21:13-37
66            android:grantUriPermissions="true" >
66-->[:react-native-image-crop-picker] AndroidManifest.xml:22:13-47
67            <meta-data
67-->[:react-native-image-crop-picker] AndroidManifest.xml:23:13-25:58
68                android:name="android.support.FILE_PROVIDER_PATHS"
68-->[:react-native-image-crop-picker] AndroidManifest.xml:24:17-67
69                android:resource="@xml/provider_paths" />
69-->[:react-native-image-crop-picker] AndroidManifest.xml:25:17-55
70        </provider>
71
72        <activity
72-->[:react-native-image-crop-picker] AndroidManifest.xml:28:9-30:72
73            android:name="com.yalantis.ucrop.UCropActivity"
73-->[:react-native-image-crop-picker] AndroidManifest.xml:29:13-60
74            android:theme="@style/Theme.AppCompat.Light.NoActionBar" />
74-->[:react-native-image-crop-picker] AndroidManifest.xml:30:13-69
75
76        <service
76-->[com.google.android.gms:play-services-mlkit-barcode-scanning:16.2.0] AndroidManifest.xml:9:9-15:19
77            android:name="com.google.mlkit.common.internal.MlKitComponentDiscoveryService"
77-->[com.google.android.gms:play-services-mlkit-barcode-scanning:16.2.0] AndroidManifest.xml:10:13-91
78            android:directBootAware="true"
78-->[com.google.mlkit:common:17.2.0] AndroidManifest.xml:17:13-43
79            android:exported="false" >
79-->[com.google.android.gms:play-services-mlkit-barcode-scanning:16.2.0] AndroidManifest.xml:11:13-37
80            <meta-data
80-->[com.google.android.gms:play-services-mlkit-barcode-scanning:16.2.0] AndroidManifest.xml:12:13-14:85
81                android:name="com.google.firebase.components:com.google.mlkit.vision.barcode.internal.BarcodeRegistrar"
81-->[com.google.android.gms:play-services-mlkit-barcode-scanning:16.2.0] AndroidManifest.xml:13:17-120
82                android:value="com.google.firebase.components.ComponentRegistrar" />
82-->[com.google.android.gms:play-services-mlkit-barcode-scanning:16.2.0] AndroidManifest.xml:14:17-82
83            <meta-data
83-->[com.google.android.gms:play-services-mlkit-face-detection:16.2.0] AndroidManifest.xml:12:13-14:85
84                android:name="com.google.firebase.components:com.google.mlkit.vision.face.internal.FaceRegistrar"
84-->[com.google.android.gms:play-services-mlkit-face-detection:16.2.0] AndroidManifest.xml:13:17-114
85                android:value="com.google.firebase.components.ComponentRegistrar" />
85-->[com.google.android.gms:play-services-mlkit-face-detection:16.2.0] AndroidManifest.xml:14:17-82
86            <meta-data
86-->[com.google.android.gms:play-services-mlkit-text-recognition:16.3.0] AndroidManifest.xml:12:13-14:85
87                android:name="com.google.firebase.components:com.google.mlkit.vision.text.internal.TextRegistrar"
87-->[com.google.android.gms:play-services-mlkit-text-recognition:16.3.0] AndroidManifest.xml:13:17-114
88                android:value="com.google.firebase.components.ComponentRegistrar" />
88-->[com.google.android.gms:play-services-mlkit-text-recognition:16.3.0] AndroidManifest.xml:14:17-82
89            <meta-data
89-->[com.google.mlkit:vision-common:16.5.0] AndroidManifest.xml:12:13-14:85
90                android:name="com.google.firebase.components:com.google.mlkit.vision.common.internal.VisionCommonRegistrar"
90-->[com.google.mlkit:vision-common:16.5.0] AndroidManifest.xml:13:17-124
91                android:value="com.google.firebase.components.ComponentRegistrar" />
91-->[com.google.mlkit:vision-common:16.5.0] AndroidManifest.xml:14:17-82
92            <meta-data
92-->[com.google.mlkit:common:17.2.0] AndroidManifest.xml:20:13-22:85
93                android:name="com.google.firebase.components:com.google.mlkit.common.internal.CommonComponentRegistrar"
93-->[com.google.mlkit:common:17.2.0] AndroidManifest.xml:21:17-120
94                android:value="com.google.firebase.components.ComponentRegistrar" />
94-->[com.google.mlkit:common:17.2.0] AndroidManifest.xml:22:17-82
95        </service>
96
97        <provider
97-->[com.google.mlkit:common:17.2.0] AndroidManifest.xml:9:9-13:38
98            android:name="com.google.mlkit.common.internal.MlKitInitProvider"
98-->[com.google.mlkit:common:17.2.0] AndroidManifest.xml:10:13-78
99            android:authorities="com.naaga.mlkitinitprovider"
99-->[com.google.mlkit:common:17.2.0] AndroidManifest.xml:11:13-69
100            android:exported="false"
100-->[com.google.mlkit:common:17.2.0] AndroidManifest.xml:12:13-37
101            android:initOrder="99" />
101-->[com.google.mlkit:common:17.2.0] AndroidManifest.xml:13:13-35
102
103        <service
103-->[com.google.android.datatransport:transport-backend-cct:2.3.3] AndroidManifest.xml:29:9-35:19
104            android:name="com.google.android.datatransport.runtime.backends.TransportBackendDiscovery"
104-->[com.google.android.datatransport:transport-backend-cct:2.3.3] AndroidManifest.xml:30:13-103
105            android:exported="false" >
105-->[com.google.android.datatransport:transport-backend-cct:2.3.3] AndroidManifest.xml:31:13-37
106            <meta-data
106-->[com.google.android.datatransport:transport-backend-cct:2.3.3] AndroidManifest.xml:32:13-34:39
107                android:name="backend:com.google.android.datatransport.cct.CctBackendFactory"
107-->[com.google.android.datatransport:transport-backend-cct:2.3.3] AndroidManifest.xml:33:17-94
108                android:value="cct" />
108-->[com.google.android.datatransport:transport-backend-cct:2.3.3] AndroidManifest.xml:34:17-36
109        </service>
110        <service
110-->[com.google.android.datatransport:transport-runtime:2.2.6] AndroidManifest.xml:26:9-30:19
111            android:name="com.google.android.datatransport.runtime.scheduling.jobscheduling.JobInfoSchedulerService"
111-->[com.google.android.datatransport:transport-runtime:2.2.6] AndroidManifest.xml:27:13-117
112            android:exported="false"
112-->[com.google.android.datatransport:transport-runtime:2.2.6] AndroidManifest.xml:28:13-37
113            android:permission="android.permission.BIND_JOB_SERVICE" >
113-->[com.google.android.datatransport:transport-runtime:2.2.6] AndroidManifest.xml:29:13-69
114        </service>
115
116        <receiver
116-->[com.google.android.datatransport:transport-runtime:2.2.6] AndroidManifest.xml:32:9-34:40
117            android:name="com.google.android.datatransport.runtime.scheduling.jobscheduling.AlarmManagerSchedulerBroadcastReceiver"
117-->[com.google.android.datatransport:transport-runtime:2.2.6] AndroidManifest.xml:33:13-132
118            android:exported="false" />
118-->[com.google.android.datatransport:transport-runtime:2.2.6] AndroidManifest.xml:34:13-37
119
120        <activity
120-->[com.google.android.gms:play-services-base:17.6.0] AndroidManifest.xml:23:9-26:75
121            android:name="com.google.android.gms.common.api.GoogleApiActivity"
121-->[com.google.android.gms:play-services-base:17.6.0] AndroidManifest.xml:24:13-79
122            android:exported="false"
122-->[com.google.android.gms:play-services-base:17.6.0] AndroidManifest.xml:25:13-37
123            android:theme="@android:style/Theme.Translucent.NoTitleBar" />
123-->[com.google.android.gms:play-services-base:17.6.0] AndroidManifest.xml:26:13-72
124
125        <meta-data
125-->[com.google.android.gms:play-services-basement:17.6.0] AndroidManifest.xml:23:9-25:69
126            android:name="com.google.android.gms.version"
126-->[com.google.android.gms:play-services-basement:17.6.0] AndroidManifest.xml:24:13-58
127            android:value="@integer/google_play_services_version" />
127-->[com.google.android.gms:play-services-basement:17.6.0] AndroidManifest.xml:25:13-66
128    </application>
129
130</manifest>